<?xml version="1.0" encoding="UTF-8"?>
<!-- Generated by org.testng.reporters.JUnitReportReporter -->
<testsuite hostname="hp" failures="0" tests="1" name="atc.testscripts.TestScripts" time="237.446" errors="0" timestamp="11 Feb 2021 10:09:21 GMT" skipped="0">
  <testcase classname="atc.testscripts.TestScripts" name="testScript001" time="237.446"/>
</testsuite> <!-- atc.testscripts.TestScripts -->
